[LOG] System::create                           : Header version = 2.00.07. Current version = 2.00.07.
[LOG] Manager::init                            : maxchannels = 256 studioflags = 00000006 flags 00000000 extradriverdata 0000000000000000.
[LOG] SystemI::init                            : Initialize version=20007 (107206), maxchannels=256, flags=0x00020000
[LOG] SystemI::setOutputInternal               : Setting output to 'FMOD WASAPI Output'
[LOG] OutputWASAPI::init                       : Mix Format (WAVEFORMATEX): wFormatTag=0xFFFE, nChannels=2, nSamplesPerSec=48000, nAvgBytesPerSec=384000, nBlockAlign=8, wBitsPerSample=32, cbSize=22.
[LOG] OutputWASAPI::init                       : Mix Format (WAVEFORMATEXTENSIBLE): wValidBitsPerSample=32, dwChannelMask=0x00000003, SubFormat=00000003-0000-0010-8000-00AA00389B71.
[LOG] OutputWASAPI::init                       : Output buffer size: 4096 samples, latency: 10.67ms, period: 10.00ms, DSP buffer: 1024 * 4
[LOG] Thread::initThread                       : Init FMOD stream thread. Priority: 2, Stack Size: 98304, Semaphore: No, Sleep Time: 10, Looping: Yes.
[LOG] Thread::initThread                       : Init FMOD mixer thread. Priority: 3, Stack Size: 81920, Semaphore: No, Sleep Time: 0, Looping: Yes.
[LOG] AsyncManager::init                       : manager 0000000034B1C168 isAsync 0 updatePeriod 0.02
[LOG] AsyncManager::init                       : done
[LOG] PlaybackSystem::init                     : 
[LOG] Thread::initThread                       : Init FMOD Studio sample load thread. Priority: 0, Stack Size: 98304, Semaphore: No, Sleep Time: 1, Looping: No.
[LOG] PlaybackSystem::init                     : done
[LOG] Thread::initThread                       : Init FMOD Studio bank load thread. Priority: 0, Stack Size: 98304, Semaphore: No, Sleep Time: 1, Looping: No.
[LOG] Manager::init                            : done.
[LOG] Manager::readBank                        : fileversion = 123, compatVersion = 119 (oldest = 44, newest = 125)
[LOG] PlaybackSystem::acquireMasterBus         : Setting master channel group format to 6
[LOG] SystemI::createSound                     : filename = FMOD/Build/Desktop/Master.bank : mode 02010082
[LOG] SystemI::createSound                     : FMOD_NONBLOCKING specified.  Putting into queue to be opened asynchronously!
[LOG] SystemI::createSound                     : setdata soundi = 0000000055C59D18 : node = 0000000060B93C90
[LOG] SystemI::createSound                     : add node to async list : head = 000000006C720DC8.  list count = 0
[LOG] SystemI::createSound                     : filename = FMOD/Build/Desktop/Master.bank : mode 02010082
[LOG] SystemI::createSound                     : FMOD_NONBLOCKING specified.  Putting into queue to be opened asynchronously!
[LOG] SystemI::createSound                     : setdata soundi = 0000000055C59EC8 : node = 0000000060B938D0
[LOG] AsyncThread::threadFunc                  : Starting Asynchronous operation on sound 0000000055C59D18
[LOG] SystemI::createSound                     : add node to async list : head = 000000006C720DC8.  list count = 0
[LOG] SystemI::createSoundInternal             :     Create name='FMOD/Build/Desktop/Master.bank', mode=0x02010082
[LOG] SystemI::createSoundInternal             :     exinfo->cbsize             = 224
[LOG] SystemI::createSound                     :     filename = FMOD/Build/Desktop/Master.bank : mode 02010082
[LOG] SystemI::createSoundInternal             :     exinfo->length             = 7459296
[LOG] SystemI::createSound                     :     FMOD_NONBLOCKING specified.  Putting into queue to be opened asynchronously!
[LOG] SystemI::createSoundInternal             :     exinfo->fileoffset         = 22624
[LOG] SystemI::createSound                     :     setdata soundi = 0000000055C5A228 : node = 0000000060B93A10
[LOG] SystemI::createSoundInternal             :     exinfo->numsubsounds       = 1
[LOG] SystemI::createSound                     :     add node to async list : head = 000000006C720DC8.  list count = 1
[LOG] SystemI::createSoundInternal             :     exinfo->inclusionlist      = 0000000060B93DA0
[LOG] SystemI::createSoundInternal             :     exinfo->inclusionlistnum   = 1
[LOG] SystemI::createSoundInternal             :     exinfo->suggestedsoundtype = 5
[LOG] SystemI::createSoundInternal             :     exinfo->initialseekpostype = 1
[LOG] SystemI::createSoundInternal             :     Stream 0/1: name='GGJ_Drums_v2', format=2, channels=2, frequency=48000, lengthbytes=2086912, lengthpcm=7702681, pcmblocksize=0, loopstart=0, loopend=0, mode=0x00000000, channelmask=0x00000000, channelorder=0, peakvolume=0.988554.
[LOG] AsyncThread::threadFunc                  : Finished Asynchronous operation on sound 0000000055C59D18
[LOG] AsyncThread::threadFunc                  : Starting Asynchronous operation on sound 0000000055C59EC8
[LOG] SystemI::createSoundInternal             :     Create name='FMOD/Build/Desktop/Master.bank', mode=0x02010082
[LOG] SystemI::createSoundInternal             :     exinfo->cbsize             = 224
[LOG] SystemI::createSoundInternal             :     exinfo->length             = 7459296
[LOG] SystemI::createSoundInternal             :     exinfo->fileoffset         = 22624
[LOG] SystemI::createSoundInternal             :     exinfo->numsubsounds       = 1
[LOG] SystemI::createSoundInternal             :     exinfo->inclusionlist      = 0000000060B939E0
[LOG] SystemI::createSoundInternal             :     exinfo->inclusionlistnum   = 1
[LOG] SystemI::createSoundInternal             :     exinfo->suggestedsoundtype = 5
[LOG] SystemI::createSoundInternal             :     exinfo->initialseekpostype = 1
[LOG] SystemI::createSoundInternal             :     Stream 0/1: name='GGJ_Main_v4', format=2, channels=2, frequency=48000, lengthbytes=2445696, lengthpcm=7987912, pcmblocksize=0, loopstart=0, loopend=0, mode=0x00000000, channelmask=0x00000000, channelorder=0, peakvolume=0.474060.
[LOG] AsyncThread::threadFunc                  : Finished Asynchronous operation on sound 0000000055C59EC8
[LOG] AsyncThread::threadFunc                  : Starting Asynchronous operation on sound 0000000055C5A228
[LOG] SystemI::createSoundInternal             :     Create name='FMOD/Build/Desktop/Master.bank', mode=0x02010082
[LOG] SystemI::createSoundInternal             :     exinfo->cbsize             = 224
[LOG] SystemI::createSoundInternal             :     exinfo->length             = 7459296
[LOG] SystemI::createSoundInternal             :     exinfo->fileoffset         = 22624
[LOG] SystemI::createSoundInternal             :     exinfo->numsubsounds       = 1
[LOG] SystemI::createSoundInternal             :     exinfo->inclusionlist      = 0000000060B93B20
[LOG] SystemI::createSoundInternal             :     exinfo->inclusionlistnum   = 1
[LOG] SystemI::createSoundInternal             :     exinfo->suggestedsoundtype = 5
[LOG] SystemI::createSoundInternal             :     exinfo->initialseekpostype = 1
[LOG] SystemI::createSoundInternal             :     Stream 0/1: name='GGJ_Wub_Full', format=2, channels=2, frequency=48000, lengthbytes=1207968, lengthpcm=4753972, pcmblocksize=0, loopstart=0, loopend=0, mode=0x00000000, channelmask=0x00000000, channelorder=0, peakvolume=0.605953.
[LOG] AsyncThread::threadFunc                  : Finished Asynchronous operation on sound 0000000055C5A228
[LOG] SoundI::getSubSound                      : sound 0000000055C59D18.  Subsound index 0 / 1
[LOG] SoundI::getSubSound                      : sound 0000000055C59EC8.  Subsound index 0 / 1
[LOG] SoundI::getSubSound                      : sound 0000000055C5A228.  Subsound index 0 / 1
[LOG] AsyncThread::threadFunc                  : Starting Asynchronous operation on sound 00000000632B0918
[LOG] AsyncThread::threadFunc                  : Finished Asynchronous operation on sound 00000000632B0918
[LOG] AsyncThread::threadFunc                  : Starting Asynchronous operation on sound 00000000632B0C78
[LOG] AsyncThread::threadFunc                  : Finished Asynchronous operation on sound 00000000632B0C78
[LOG] SystemI::createSound                     : filename = FMOD/Build/Desktop/Master.bank : mode 02010082
[LOG] SystemI::createSound                     : FMOD_NONBLOCKING specified.  Putting into queue to be opened asynchronously!
[LOG] SystemI::createSound                     : setdata soundi = 00000000632B0E28 : node = 000000006AA02E50
[LOG] SystemI::createSound                     : add node to async list : head = 000000006C720DC8.  list count = 0
[LOG] SystemI::createSound                     : filename = FMOD/Build/Desktop/Master.bank : mode 02010082
[LOG] AsyncThread::threadFunc                  : Starting Asynchronous operation on sound 00000000632B0E28
[LOG] SystemI::createSound                     : FMOD_NONBLOCKING specified.  Putting into queue to be opened asynchronously!
[LOG] SystemI::createSoundInternal             :     Create name='FMOD/Build/Desktop/Master.bank', mode=0x02010082
[LOG] SystemI::createSoundInternal             :     exinfo->cbsize             = 224
[LOG] SystemI::createSound                     :     setdata soundi = 00000000558B3838 : node = 000000006AA02BD0
[LOG] SystemI::createSoundInternal             :     exinfo->length             = 7459296
[LOG] SystemI::createSound                     :     add node to async list : head = 000000006C720DC8.  list count = 0
[LOG] SystemI::createSoundInternal             :     exinfo->fileoffset         = 22624
[LOG] SystemI::createSoundInternal             :     exinfo->numsubsounds       = 1
[LOG] SystemI::createSound                     :     filename = FMOD/Build/Desktop/Master.bank : mode 02010082
[LOG] SystemI::createSoundInternal             :     exinfo->inclusionlist      = 000000006AA02F60
[LOG] SystemI::createSound                     :     FMOD_NONBLOCKING specified.  Putting into queue to be opened asynchronously!
[LOG] SystemI::createSoundInternal             :     exinfo->inclusionlistnum   = 1
[LOG] SystemI::createSoundInternal             :     exinfo->suggestedsoundtype = 5
[LOG] SystemI::createSound                     :     setdata soundi = 00000000558B39E8 : node = 000000006AA02A90
[LOG] SystemI::createSoundInternal             :     exinfo->initialseekpostype = 1
[LOG] SystemI::createSound                     :     add node to async list : head = 000000006C720DC8.  list count = 1
[LOG] SystemI::createSoundInternal             :     Stream 0/1: name='GGJ_Drums_v2', format=2, channels=2, frequency=48000, lengthbytes=2086912, lengthpcm=7702681, pcmblocksize=0, loopstart=0, loopend=0, mode=0x00000000, channelmask=0x00000000, channelorder=0, peakvolume=0.988554.
[LOG] AsyncThread::threadFunc                  : Finished Asynchronous operation on sound 00000000632B0E28
[LOG] AsyncThread::threadFunc                  : Starting Asynchronous operation on sound 00000000558B3838
[LOG] SystemI::createSoundInternal             :     Create name='FMOD/Build/Desktop/Master.bank', mode=0x02010082
[LOG] SystemI::createSoundInternal             :     exinfo->cbsize             = 224
[LOG] SystemI::createSoundInternal             :     exinfo->length             = 7459296
[LOG] SystemI::createSoundInternal             :     exinfo->fileoffset         = 22624
[LOG] SystemI::createSoundInternal             :     exinfo->numsubsounds       = 1
[LOG] SystemI::createSoundInternal             :     exinfo->inclusionlist      = 000000006AA02CE0
[LOG] SystemI::createSoundInternal             :     exinfo->inclusionlistnum   = 1
[LOG] SystemI::createSoundInternal             :     exinfo->suggestedsoundtype = 5
[LOG] SystemI::createSoundInternal             :     exinfo->initialseekpostype = 1
[LOG] SystemI::createSoundInternal             :     Stream 0/1: name='GGJ_Main_v4', format=2, channels=2, frequency=48000, lengthbytes=2445696, lengthpcm=7987912, pcmblocksize=0, loopstart=0, loopend=0, mode=0x00000000, channelmask=0x00000000, channelorder=0, peakvolume=0.474060.
[LOG] AsyncThread::threadFunc                  : Finished Asynchronous operation on sound 00000000558B3838
[LOG] AsyncThread::threadFunc                  : Starting Asynchronous operation on sound 00000000558B39E8
[LOG] SystemI::createSoundInternal             :     Create name='FMOD/Build/Desktop/Master.bank', mode=0x02010082
[LOG] SystemI::createSoundInternal             :     exinfo->cbsize             = 224
[LOG] SystemI::createSoundInternal             :     exinfo->length             = 7459296
[LOG] SystemI::createSoundInternal             :     exinfo->fileoffset         = 22624
[LOG] SystemI::createSoundInternal             :     exinfo->numsubsounds       = 1
[LOG] SystemI::createSoundInternal             :     exinfo->inclusionlist      = 000000006AA02BA0
[LOG] SystemI::createSoundInternal             :     exinfo->inclusionlistnum   = 1
[LOG] SystemI::createSoundInternal             :     exinfo->suggestedsoundtype = 5
[LOG] SystemI::createSoundInternal             :     exinfo->initialseekpostype = 1
[LOG] SystemI::createSoundInternal             :     Stream 0/1: name='GGJ_Wub_Full', format=2, channels=2, frequency=48000, lengthbytes=1207968, lengthpcm=4753972, pcmblocksize=0, loopstart=0, loopend=0, mode=0x00000000, channelmask=0x00000000, channelorder=0, peakvolume=0.605953.
[LOG] AsyncThread::threadFunc                  : Finished Asynchronous operation on sound 00000000558B39E8
[LOG] SoundI::getSubSound                      : sound 00000000632B0E28.  Subsound index 0 / 1
[LOG] SoundI::getSubSound                      : sound 00000000558B3838.  Subsound index 0 / 1
[LOG] SoundI::getSubSound                      : sound 00000000558B39E8.  Subsound index 0 / 1
[LOG] SoundI::release                          : GGJ_Wub_Full (0000000055C5A228)
[LOG] SoundI::release                          :     GGJ_Wub_Full (000000006AB862D8)
[LOG] SoundI::release                          :     GGJ_Wub_Full (00000000632B0C78)
[LOG] SoundI::release                          : GGJ_Drums_v2 (0000000055C59D18)
[LOG] SoundI::release                          :     GGJ_Drums_v2 (000000006AB85F98)
[LOG] SoundI::release                          :     GGJ_Drums_v2 (00000000632B0918)
[LOG] SoundI::release                          : GGJ_Main_v4 (0000000055C59EC8)
[LOG] SoundI::release                          :     GGJ_Main_v4 (000000006AB855D8)
[LOG] SoundI::release                          :     GGJ_Main_v4 (00000000632B0AC8)
[LOG] SoundI::release                          : GGJ_Wub_Full (00000000558B39E8)
[LOG] SoundI::release                          :     GGJ_Wub_Full (000000001AC28D58)
[LOG] SoundI::release                          :     GGJ_Wub_Full (00000000551EA278)
[LOG] SoundI::release                          : GGJ_Main_v4 (00000000558B3838)
[LOG] SoundI::release                          :     GGJ_Main_v4 (000000001AC2A278)
[LOG] SoundI::release                          :     GGJ_Main_v4 (00000000551E9BB8)
[LOG] SoundI::release                          : GGJ_Drums_v2 (00000000632B0E28)
[LOG] SoundI::release                          :     GGJ_Drums_v2 (000000001AC2A5B8)
[LOG] SoundI::release                          :     GGJ_Drums_v2 (00000000551EA428)
[LOG] Thread::callback                         : FMOD Studio bank load thread finished.
[LOG] Thread::callback                         : FMOD Studio sample load thread finished.
[LOG] LiveUpdate::release                      : 
[LOG] LiveUpdate::reset                        : Reset connection (reason Disconnected)
[LOG] Thread::callback                         : FMOD stream thread finished.
[LOG] Thread::callback                         : FMOD mixer thread finished.
[LOG] SystemI::close                           : Closed.
